This file contains any messages produced by compilers while
running configure, to aid debugging if configure makes a mistake.

It was created by configure, which was
generated by GNU Autoconf 2.69.  Invocation command line was

  $ ../configure --prefix=/mnt/lfs/tools --with-sysroot=/mnt/lfs --target= --disable-nls --disable-werror

## --------- ##
## Platform. ##
## --------- ##

hostname = debian11
uname -m = x86_64
uname -r = 5.10.0-13-amd64
uname -s = Linux
uname -v = #1 SMP Debian 5.10.106-1 (2022-03-17)

/usr/bin/uname -p = unknown
/bin/uname -X     = unknown

/bin/arch              = x86_64
/usr/bin/arch -k       = unknown
/usr/convex/getsysinfo = unknown
/usr/bin/hostinfo      = unknown
/bin/machine           = unknown
/usr/bin/oslevel       = unknown
/bin/universe          = unknown

PATH: /mnt/lfs/tools/bin
PATH: /home/lfs/repo/LFS/executable/LFS
PATH: /home/lfs/repo/LFS/executable
PATH: /home/lfs/repo/resources/executable
PATH: /home/lfs/repo/LFS/executable
PATH: /home/lfs/repo/resource/executable
PATH: /usr/local/bin
PATH: /usr/bin
PATH: /bin


## ----------- ##
## Core tests. ##
## ----------- ##

configure:2364: checking build system type
configure:2378: result: x86_64-pc-linux-gnu
configure:2425: checking host system type
configure:2438: result: x86_64-pc-linux-gnu
configure:2458: checking target system type
configure:2471: result: x86_64-pc-linux-gnu
configure:2525: checking for a BSD-compatible install
configure:2593: result: /usr/bin/install -c
configure:2604: checking whether ln works
configure:2626: result: yes
configure:2630: checking whether ln -s works
configure:2634: result: yes
configure:2641: checking for a sed that does not truncate output
configure:2705: result: /usr/bin/sed
configure:2714: checking for gawk
configure:2730: found /usr/bin/gawk
configure:2741: result: gawk
configure:4077: checking for gcc
configure:4093: found /usr/bin/gcc
configure:4104: result: gcc
configure:4333: checking for C compiler version
configure:4342: gcc --version >&5
gcc (Debian 10.2.1-6) 10.2.1 20210110
Copyright (C) 2020 Free Software Foundation, Inc.
This is free software; see the source for copying conditions.  There is NO
warranty; not even for MERCHANTABILITY or FITNESS FOR A PARTICULAR PURPOSE.

+ eval '$CC --version >&5'
++ gcc --version
configure:4353: $? = 0
configure:4342: gcc -v >&5
+ eval '$CC -v >&5'
++ gcc -v
Using built-in specs.
COLLECT_GCC=gcc
COLLECT_LTO_WRAPPER=/usr/lib/gcc/x86_64-linux-gnu/10/lto-wrapper
OFFLOAD_TARGET_NAMES=nvptx-none:amdgcn-amdhsa:hsa
OFFLOAD_TARGET_DEFAULT=1
Target: x86_64-linux-gnu
Configured with: ../src/configure -v --with-pkgversion='Debian 10.2.1-6' --with-bugurl=file:///usr/share/doc/gcc-10/README.Bugs --enable-languages=c,ada,c++,go,brig,d,fortran,objc,obj-c++,m2 --prefix=/usr --with-gcc-major-version-only --program-suffix=-10 --program-prefix=x86_64-linux-gnu- --enable-shared --enable-linker-build-id --libexecdir=/usr/lib --without-included-gettext --enable-threads=posix --libdir=/usr/lib --enable-nls --enable-bootstrap --enable-clocale=gnu --enable-libstdcxx-debug --enable-libstdcxx-time=yes --with-default-libstdcxx-abi=new --enable-gnu-unique-object --disable-vtable-verify --enable-plugin --enable-default-pie --with-system-zlib --enable-libphobos-checking=release --with-target-system-zlib=auto --enable-objc-gc=auto --enable-multiarch --disable-werror --with-arch-32=i686 --with-abi=m64 --with-multilib-list=m32,m64,mx32 --enable-multilib --with-tune=generic --enable-offload-targets=nvptx-none=/build/gcc-10-Km9U7s/gcc-10-10.2.1/debian/tmp-nvptx/usr,amdgcn-amdhsa=/build/gcc-10-Km9U7s/gcc-10-10.2.1/debian/tmp-gcn/usr,hsa --without-cuda-driver --enable-checking=release --build=x86_64-linux-gnu --host=x86_64-linux-gnu --target=x86_64-linux-gnu --with-build-config=bootstrap-lto-lean --enable-link-mutex
Thread model: posix
... rest of stderr output deleted ...
configure:4353: $? = 0
configure:4342: gcc -V >&5

## ---------------- ##
## Cache variables. ##
## ---------------- ##

ac_cv_build=x86_64-pc-linux-gnu
ac_cv_env_AR_FOR_TARGET_set=
ac_cv_env_AR_FOR_TARGET_value=
ac_cv_env_AR_set=
ac_cv_env_AR_value=
ac_cv_env_AS_FOR_TARGET_set=
ac_cv_env_AS_FOR_TARGET_value=
ac_cv_env_AS_set=
ac_cv_env_AS_value=
ac_cv_env_CCC_set=
ac_cv_env_CCC_value=
ac_cv_env_CC_FOR_TARGET_set=
ac_cv_env_CC_FOR_TARGET_value=
ac_cv_env_CC_set=
ac_cv_env_CC_value=
ac_cv_env_CFLAGS_set=
ac_cv_env_CFLAGS_value=
ac_cv_env_CPPFLAGS_set=
ac_cv_env_CPPFLAGS_value=
ac_cv_env_CXXFLAGS_set=
ac_cv_env_CXXFLAGS_value=
ac_cv_env_CXX_FOR_TARGET_set=
ac_cv_env_CXX_FOR_TARGET_value=
ac_cv_env_CXX_set=
ac_cv_env_CXX_value=
ac_cv_env_DLLTOOL_FOR_TARGET_set=
ac_cv_env_DLLTOOL_FOR_TARGET_value=
ac_cv_env_DLLTOOL_set=
ac_cv_env_DLLTOOL_value=
ac_cv_env_GCC_FOR_TARGET_set=
ac_cv_env_GCC_FOR_TARGET_value=
ac_cv_env_GFORTRAN_FOR_TARGET_set=
ac_cv_env_GFORTRAN_FOR_TARGET_value=
ac_cv_env_GOC_FOR_TARGET_set=
ac_cv_env_GOC_FOR_TARGET_value=
ac_cv_env_LDFLAGS_set=
ac_cv_env_LDFLAGS_value=
ac_cv_env_LD_FOR_TARGET_set=
ac_cv_env_LD_FOR_TARGET_value=
ac_cv_env_LD_set=
ac_cv_env_LD_value=
ac_cv_env_LIBS_set=
ac_cv_env_LIBS_value=
ac_cv_env_LIPO_FOR_TARGET_set=
ac_cv_env_LIPO_FOR_TARGET_value=
ac_cv_env_LIPO_set=
ac_cv_env_LIPO_value=
ac_cv_env_NM_FOR_TARGET_set=
ac_cv_env_NM_FOR_TARGET_value=
ac_cv_env_NM_set=
ac_cv_env_NM_value=
ac_cv_env_OBJCOPY_FOR_TARGET_set=
ac_cv_env_OBJCOPY_FOR_TARGET_value=
ac_cv_env_OBJCOPY_set=
ac_cv_env_OBJCOPY_value=
ac_cv_env_OBJDUMP_FOR_TARGET_set=
ac_cv_env_OBJDUMP_FOR_TARGET_value=
ac_cv_env_OBJDUMP_set=
ac_cv_env_OBJDUMP_value=
ac_cv_env_RANLIB_FOR_TARGET_set=
ac_cv_env_RANLIB_FOR_TARGET_value=
ac_cv_env_RANLIB_set=
ac_cv_env_RANLIB_value=
ac_cv_env_READELF_FOR_TARGET_set=
ac_cv_env_READELF_FOR_TARGET_value=
ac_cv_env_READELF_set=
ac_cv_env_READELF_value=
ac_cv_env_STRIP_FOR_TARGET_set=
ac_cv_env_STRIP_FOR_TARGET_value=
ac_cv_env_STRIP_set=
ac_cv_env_STRIP_value=
ac_cv_env_WINDMC_FOR_TARGET_set=
ac_cv_env_WINDMC_FOR_TARGET_value=
ac_cv_env_WINDMC_set=
ac_cv_env_WINDMC_value=
ac_cv_env_WINDRES_FOR_TARGET_set=
ac_cv_env_WINDRES_FOR_TARGET_value=
ac_cv_env_WINDRES_set=
ac_cv_env_WINDRES_value=
ac_cv_env_build_alias_set=
ac_cv_env_build_alias_value=
ac_cv_env_build_configargs_set=
ac_cv_env_build_configargs_value=
ac_cv_env_host_alias_set=
ac_cv_env_host_alias_value=
ac_cv_env_host_configargs_set=
ac_cv_env_host_configargs_value=
ac_cv_env_target_alias_set=set
ac_cv_env_target_alias_value=
ac_cv_env_target_configargs_set=
ac_cv_env_target_configargs_value=
ac_cv_host=x86_64-pc-linux-gnu
ac_cv_path_SED=/usr/bin/sed
ac_cv_path_install='/usr/bin/install -c'
ac_cv_prog_AWK=gawk
ac_cv_prog_ac_ct_CC=gcc
ac_cv_target=x86_64-pc-linux-gnu
acx_cv_prog_LN=ln

## ----------------- ##
## Output variables. ##
## ----------------- ##

AR=''
AR_FOR_BUILD='$(AR)'
AR_FOR_TARGET=''
AR_PLUGIN_OPTION=''
AS=''
AS_FOR_BUILD='$(AS)'
AS_FOR_TARGET=''
AWK='gawk'
BISON=''
BUILD_CONFIG=''
CC='gcc'
CC_FOR_BUILD='$(CC)'
CC_FOR_TARGET=''
CFLAGS=''
CFLAGS_FOR_BUILD=''
CFLAGS_FOR_TARGET=''
COMPILER_AS_FOR_TARGET=''
COMPILER_LD_FOR_TARGET=''
COMPILER_NM_FOR_TARGET=''
CONFIGURE_GDB_TK=''
CPPFLAGS=''
CXX=''
CXXFLAGS=''
CXXFLAGS_FOR_BUILD=''
CXXFLAGS_FOR_TARGET=''
CXX_FOR_BUILD='$(CXX)'
CXX_FOR_TARGET=''
DEBUG_PREFIX_CFLAGS_FOR_TARGET=''
DEFS=''
DLLTOOL=''
DLLTOOL_FOR_BUILD='$(DLLTOOL)'
DLLTOOL_FOR_TARGET=''
ECHO_C=''
ECHO_N='-n'
ECHO_T=''
EXEEXT=''
EXPECT=''
FLAGS_FOR_TARGET=''
FLEX=''
GCC_FOR_TARGET=''
GCC_SHLIB_SUBDIR=''
GDB_TK=''
GFORTRAN_FOR_BUILD='$(GFORTRAN)'
GFORTRAN_FOR_TARGET=''
GNATBIND=''
GNATMAKE=''
GOC_FOR_BUILD='$(GOC)'
GOC_FOR_TARGET=''
INSTALL_DATA='${INSTALL} -m 644'
INSTALL_GDB_TK=''
INSTALL_PROGRAM='${INSTALL}'
INSTALL_SCRIPT='${INSTALL}'
LD=''
LDFLAGS=''
LDFLAGS_FOR_BUILD=''
LDFLAGS_FOR_TARGET=''
LD_FOR_BUILD='$(LD)'
LD_FOR_TARGET=''
LEX=''
LIBOBJS=''
LIBS=''
LIPO=''
LIPO_FOR_TARGET=''
LN='ln'
LN_S='ln -s'
LTLIBOBJS=''
M4=''
MAINT=''
MAINTAINER_MODE_FALSE=''
MAINTAINER_MODE_TRUE=''
MAKEINFO=''
NM=''
NM_FOR_BUILD='$(NM)'
NM_FOR_TARGET=''
OBJCOPY=''
OBJCOPY_FOR_TARGET=''
OBJDUMP=''
OBJDUMP_FOR_TARGET=''
OBJEXT=''
PACKAGE_BUGREPORT=''
PACKAGE_NAME=''
PACKAGE_STRING=''
PACKAGE_TARNAME=''
PACKAGE_URL=''
PACKAGE_VERSION=''
PATH_SEPARATOR=':'
PGO_BUILD_GEN_CFLAGS=''
PGO_BUILD_LTO_CFLAGS=''
PGO_BUILD_USE_CFLAGS=''
RANLIB=''
RANLIB_FOR_BUILD='$(RANLIB)'
RANLIB_FOR_TARGET=''
RANLIB_PLUGIN_OPTION=''
RAW_CXX_FOR_TARGET=''
READELF=''
READELF_FOR_TARGET=''
RPATH_ENVVAR=''
RUNTEST=''
SED='/usr/bin/sed'
SHELL='/bin/sh'
STRIP=''
STRIP_FOR_TARGET=''
SYSROOT_CFLAGS_FOR_TARGET=''
TOPLEVEL_CONFIGURE_ARGUMENTS='../configure --prefix=/mnt/lfs/tools --with-sysroot=/mnt/lfs --target= --disable-nls --disable-werror'
WINDMC=''
WINDMC_FOR_BUILD='$(WINDMC)'
WINDMC_FOR_TARGET=''
WINDRES=''
WINDRES_FOR_BUILD='$(WINDRES)'
WINDRES_FOR_TARGET=''
YACC=''
ac_ct_CC='gcc'
ac_ct_CXX=''
bindir='${exec_prefix}/bin'
build='x86_64-pc-linux-gnu'
build_alias=''
build_configargs=''
build_configdirs='build-libiberty build-libcpp build-texinfo build-flex build-bison build-m4 build-fixincludes'
build_cpu='x86_64'
build_libsubdir='build-x86_64-pc-linux-gnu'
build_noncanonical='x86_64-pc-linux-gnu'
build_os='linux-gnu'
build_subdir='build-x86_64-pc-linux-gnu'
build_tooldir=''
build_vendor='pc'
compare_exclusions=''
configdirs='intl libiberty opcodes bfd readline tcl tk itcl libgui zlib libbacktrace libcpp libdecnumber gmp mpfr mpc isl libelf libiconv libctf texinfo flex bison binutils gas ld fixincludes gcc cgen sid sim gdb gdbserver gprof etc expect dejagnu m4 utils guile fastjar gnattools libcc1 gotools'
datadir='${datarootdir}'
datarootdir='${prefix}/share'
do_compare=''
docdir='${datarootdir}/doc/${PACKAGE}'
dvidir='${docdir}'
exec_prefix='NONE'
extra_host_libiberty_configure_flags=''
extra_host_zlib_configure_flags=''
extra_isl_gmp_configure_flags=''
extra_liboffloadmic_configure_flags=''
extra_linker_plugin_configure_flags=''
extra_linker_plugin_flags=''
extra_mpc_gmp_configure_flags=''
extra_mpc_mpfr_configure_flags=''
extra_mpfr_configure_flags=''
get_gcc_base_ver=''
gmpinc=''
gmplibs=''
host='x86_64-pc-linux-gnu'
host_alias=''
host_configargs=''
host_cpu='x86_64'
host_noncanonical='x86_64-pc-linux-gnu'
host_os='linux-gnu'
host_shared=''
host_subdir='.'
host_vendor='pc'
htmldir='${docdir}'
includedir='${prefix}/include'
infodir='${datarootdir}/info'
islinc=''
isllibs=''
libdir='${exec_prefix}/lib'
libexecdir='${exec_prefix}/libexec'
localedir='${datarootdir}/locale'
localstatedir='${prefix}/var'
mandir='${datarootdir}/man'
oldincludedir='/usr/include'
pdfdir='${docdir}'
poststage1_ldflags=''
poststage1_libs=''
prefix='/mnt/lfs/tools'
program_transform_name='s,y,y,'
psdir='${docdir}'
runstatedir='${localstatedir}/run'
sbindir='${exec_prefix}/sbin'
sharedstatedir='${prefix}/com'
stage1_cflags=''
stage1_checking=''
stage1_languages=''
stage1_ldflags=''
stage1_libs=''
stage2_werror_flag=''
sysconfdir='${prefix}/etc'
target='x86_64-pc-linux-gnu'
target_alias=''
target_configargs=''
target_configdirs='target-libgcc target-libbacktrace target-libgloss target-newlib target-libgomp target-liboffloadmic target-libhsail-rt target-libatomic target-libitm target-libstdc++-v3 target-libsanitizer target-libvtv target-libssp target-libquadmath target-libgfortran target-libffi target-libobjc target-libada target-libgo target-rda'
target_cpu='x86_64'
target_noncanonical='x86_64-pc-linux-gnu'
target_os='linux-gnu'
target_subdir='x86_64-pc-linux-gnu'
target_vendor='pc'
tooldir=''

## ------------------- ##
## File substitutions. ##
## ------------------- ##

alphaieee_frag=''
host_makefile_frag='/dev/null'
ospace_frag=''
serialization_dependencies=''
target_makefile_frag=''

## ----------- ##
## confdefs.h. ##
## ----------- ##

/* confdefs.h */
#define PACKAGE_NAME ""
#define PACKAGE_TARNAME ""
#define PACKAGE_VERSION ""
#define PACKAGE_STRING ""
#define PACKAGE_BUGREPORT ""
#define PACKAGE_URL ""

configure: exit 1
